2026-04-08 12:05:40.047+0000 INFO  Logging config in use: File '/var/lib/neo4j/conf/user-logs.xml'
2026-04-08 12:05:40.059+0000 INFO  Starting...
2026-04-08 12:05:40.629+0000 INFO  This instance is ServerId{2c3b0ee9} (2c3b0ee9-ba86-4faf-9434-93afead44851)
2026-04-08 12:05:41.413+0000 INFO  ======== Neo4j 2026.03.1 ========
2026-04-08 12:05:41.773+0000 INFO  X-Forward header processing enabled with security controls
2026-04-08 12:05:41.774+0000 WARN  SECURITY WARNING: X-Forward headers accepted from any source - configure allow_proxies
2026-04-08 12:05:41.774+0000 WARN  SECURITY WARNING: X-Forward headers accept any hostname - configure allow_hosts
2026-04-08 12:05:43.887+0000 INFO  Anonymous Usage Data is being sent to Neo4j, see https://neo4j.com/docs/usage-data/
2026-04-08 12:05:44.589+0000 INFO  Bolt enabled on 0.0.0.0:7687.
2026-04-08 12:05:44.885+0000 INFO  This server has built-in support for online monitoring through Fleet Manager. Visit https://console.neo4j.io to get started!
2026-04-08 12:05:46.880+0000 INFO  HTTP enabled on 0.0.0.0:7474.
2026-04-08 12:05:46.883+0000 INFO  Remote interface available at http://localhost:7474/
2026-04-08 12:05:46.887+0000 INFO  id: EE09F896428A0121853143EFFB53B81C2531F31DDE06359B1D0FD75893414B16
2026-04-08 12:05:46.888+0000 INFO  name: system
2026-04-08 12:05:46.888+0000 INFO  creationDate: 2026-04-08T12:05:42.149Z
2026-04-08 12:05:46.889+0000 INFO  Started.
2026-04-08 12:07:04.740+0000 INFO  Neo4j Server shutdown initiated by request
2026-04-08 12:07:04.750+0000 INFO  Stopping...
2026-04-08 12:07:10.814+0000 INFO  Logging config in use: File '/var/lib/neo4j/conf/user-logs.xml'
2026-04-08 12:07:10.826+0000 INFO  Starting...
2026-04-08 12:07:11.409+0000 INFO  This instance is ServerId{2c3b0ee9} (2c3b0ee9-ba86-4faf-9434-93afead44851)
2026-04-08 12:07:12.209+0000 INFO  ======== Neo4j 2026.03.1 ========
2026-04-08 12:07:12.600+0000 INFO  X-Forward header processing enabled with security controls
2026-04-08 12:07:12.600+0000 WARN  SECURITY WARNING: X-Forward headers accepted from any source - configure allow_proxies
2026-04-08 12:07:12.601+0000 WARN  SECURITY WARNING: X-Forward headers accept any hostname - configure allow_hosts
2026-04-08 12:07:13.980+0000 INFO  Anonymous Usage Data is being sent to Neo4j, see https://neo4j.com/docs/usage-data/
2026-04-08 12:07:14.151+0000 INFO  Bolt enabled on 0.0.0.0:7687.
2026-04-08 12:07:14.985+0000 INFO  This server has built-in support for online monitoring through Fleet Manager. Visit https://console.neo4j.io to get started!
2026-04-08 12:07:15.749+0000 INFO  HTTP enabled on 0.0.0.0:7474.
2026-04-08 12:07:15.750+0000 INFO  Remote interface available at http://localhost:7474/
2026-04-08 12:07:15.753+0000 INFO  id: EE09F896428A0121853143EFFB53B81C2531F31DDE06359B1D0FD75893414B16
2026-04-08 12:07:15.754+0000 INFO  name: system
2026-04-08 12:07:15.754+0000 INFO  creationDate: 2026-04-08T12:05:42.149Z
2026-04-08 12:07:15.755+0000 INFO  Started.
2026-04-08 13:53:46.657+0000 INFO  Neo4j Server shutdown initiated by request
2026-04-08 13:53:46.961+0000 INFO  Stopping...
2026-04-08 13:56:26.172+0000 INFO  Logging config in use: File '/var/lib/neo4j/conf/user-logs.xml'
2026-04-08 13:56:26.397+0000 INFO  Starting...
2026-04-08 13:56:28.763+0000 INFO  This instance is ServerId{2c3b0ee9} (2c3b0ee9-ba86-4faf-9434-93afead44851)
2026-04-08 13:56:32.760+0000 INFO  ======== Neo4j 2026.03.1 ========
2026-04-08 13:56:35.244+0000 INFO  X-Forward header processing enabled with security controls
2026-04-08 13:56:35.245+0000 WARN  SECURITY WARNING: X-Forward headers accepted from any source - configure allow_proxies
2026-04-08 13:56:35.246+0000 WARN  SECURITY WARNING: X-Forward headers accept any hostname - configure allow_hosts
2026-04-08 13:56:40.320+0000 INFO  Anonymous Usage Data is being sent to Neo4j, see https://neo4j.com/docs/usage-data/
2026-04-08 13:56:41.297+0000 INFO  Bolt enabled on 0.0.0.0:7687.
2026-04-08 13:56:41.328+0000 INFO  This server has built-in support for online monitoring through Fleet Manager. Visit https://console.neo4j.io to get started!
2026-04-08 13:56:58.077+0000 INFO  HTTP enabled on 0.0.0.0:7474.
2026-04-08 13:56:58.081+0000 INFO  Remote interface available at http://localhost:7474/
2026-04-08 13:56:58.098+0000 INFO  id: EE09F896428A0121853143EFFB53B81C2531F31DDE06359B1D0FD75893414B16
2026-04-08 13:56:58.098+0000 INFO  name: system
2026-04-08 13:56:58.099+0000 INFO  creationDate: 2026-04-08T12:05:42.149Z
2026-04-08 13:56:58.099+0000 INFO  Started.
2026-04-08 14:24:52.715+0000 INFO  Neo4j Server shutdown initiated by request
2026-04-08 14:24:52.734+0000 INFO  Stopping...
2026-04-08 14:24:58.213+0000 INFO  Logging config in use: File '/var/lib/neo4j/conf/user-logs.xml'
2026-04-08 14:24:58.227+0000 INFO  Starting...
2026-04-08 14:24:59.076+0000 INFO  This instance is ServerId{2c3b0ee9} (2c3b0ee9-ba86-4faf-9434-93afead44851)
2026-04-08 14:25:00.156+0000 INFO  ======== Neo4j 2026.03.1 ========
2026-04-08 14:25:00.597+0000 INFO  X-Forward header processing enabled with security controls
2026-04-08 14:25:00.598+0000 WARN  SECURITY WARNING: X-Forward headers accepted from any source - configure allow_proxies
2026-04-08 14:25:00.598+0000 WARN  SECURITY WARNING: X-Forward headers accept any hostname - configure allow_hosts
2026-04-08 14:25:02.269+0000 INFO  Anonymous Usage Data is being sent to Neo4j, see https://neo4j.com/docs/usage-data/
2026-04-08 14:25:02.504+0000 INFO  Bolt enabled on 0.0.0.0:7687.
2026-04-08 14:25:03.275+0000 INFO  This server has built-in support for online monitoring through Fleet Manager. Visit https://console.neo4j.io to get started!
2026-04-08 14:25:05.022+0000 INFO  HTTP enabled on 0.0.0.0:7474.
2026-04-08 14:25:05.022+0000 INFO  Remote interface available at http://localhost:7474/
2026-04-08 14:25:05.025+0000 INFO  id: EE09F896428A0121853143EFFB53B81C2531F31DDE06359B1D0FD75893414B16
2026-04-08 14:25:05.026+0000 INFO  name: system
2026-04-08 14:25:05.026+0000 INFO  creationDate: 2026-04-08T12:05:42.149Z
2026-04-08 14:25:05.027+0000 INFO  Started.
2026-04-08 14:27:47.304+0000 INFO  Neo4j Server shutdown initiated by request
2026-04-08 14:27:47.314+0000 INFO  Stopping...
2026-04-08 14:27:59.925+0000 INFO  Logging config in use: File '/var/lib/neo4j/conf/user-logs.xml'
2026-04-08 14:27:59.937+0000 INFO  Starting...
2026-04-08 14:28:00.568+0000 INFO  This instance is ServerId{2c3b0ee9} (2c3b0ee9-ba86-4faf-9434-93afead44851)
2026-04-08 14:28:01.514+0000 INFO  ======== Neo4j 2026.03.1 ========
2026-04-08 14:28:01.954+0000 INFO  X-Forward header processing enabled with security controls
2026-04-08 14:28:01.955+0000 WARN  SECURITY WARNING: X-Forward headers accepted from any source - configure allow_proxies
2026-04-08 14:28:01.956+0000 WARN  SECURITY WARNING: X-Forward headers accept any hostname - configure allow_hosts
2026-04-08 14:28:03.627+0000 INFO  Anonymous Usage Data is being sent to Neo4j, see https://neo4j.com/docs/usage-data/
2026-04-08 14:28:03.877+0000 INFO  Bolt enabled on 0.0.0.0:7687.
2026-04-08 14:28:04.630+0000 INFO  This server has built-in support for online monitoring through Fleet Manager. Visit https://console.neo4j.io to get started!
2026-04-08 14:28:07.438+0000 INFO  HTTP enabled on 0.0.0.0:7474.
2026-04-08 14:28:07.440+0000 INFO  Remote interface available at http://localhost:7474/
2026-04-08 14:28:07.446+0000 INFO  id: EE09F896428A0121853143EFFB53B81C2531F31DDE06359B1D0FD75893414B16
2026-04-08 14:28:07.447+0000 INFO  name: system
2026-04-08 14:28:07.447+0000 INFO  creationDate: 2026-04-08T12:05:42.149Z
2026-04-08 14:28:07.448+0000 INFO  Started.
2026-04-08 14:57:12.409+0000 INFO  Neo4j Server shutdown initiated by request
2026-04-08 14:57:12.424+0000 INFO  Stopping...
2026-04-08 14:57:58.014+0000 INFO  Logging config in use: File '/var/lib/neo4j/conf/user-logs.xml'
2026-04-08 14:57:58.028+0000 INFO  Starting...
2026-04-08 14:57:58.933+0000 INFO  This instance is ServerId{2c3b0ee9} (2c3b0ee9-ba86-4faf-9434-93afead44851)
2026-04-08 14:57:59.917+0000 INFO  ======== Neo4j 2026.03.1 ========
2026-04-08 14:58:00.356+0000 INFO  X-Forward header processing enabled with security controls
2026-04-08 14:58:00.357+0000 WARN  SECURITY WARNING: X-Forward headers accepted from any source - configure allow_proxies
2026-04-08 14:58:00.358+0000 WARN  SECURITY WARNING: X-Forward headers accept any hostname - configure allow_hosts
2026-04-08 14:58:01.985+0000 INFO  Anonymous Usage Data is being sent to Neo4j, see https://neo4j.com/docs/usage-data/
2026-04-08 14:58:02.251+0000 INFO  Bolt enabled on 0.0.0.0:7687.
2026-04-08 14:58:02.989+0000 INFO  This server has built-in support for online monitoring through Fleet Manager. Visit https://console.neo4j.io to get started!
2026-04-08 14:58:05.371+0000 INFO  HTTP enabled on 0.0.0.0:7474.
2026-04-08 14:58:05.376+0000 INFO  Remote interface available at http://localhost:7474/
2026-04-08 14:58:05.381+0000 INFO  id: EE09F896428A0121853143EFFB53B81C2531F31DDE06359B1D0FD75893414B16
2026-04-08 14:58:05.381+0000 INFO  name: system
2026-04-08 14:58:05.382+0000 INFO  creationDate: 2026-04-08T12:05:42.149Z
2026-04-08 14:58:05.382+0000 INFO  Started.
2026-04-08 15:28:03.605+0000 INFO  Neo4j Server shutdown initiated by request
2026-04-08 15:28:03.635+0000 INFO  Stopping...
2026-04-08 15:28:48.799+0000 INFO  Logging config in use: File '/var/lib/neo4j/conf/user-logs.xml'
2026-04-08 15:28:48.812+0000 INFO  Starting...
2026-04-08 15:28:49.443+0000 INFO  This instance is ServerId{2c3b0ee9} (2c3b0ee9-ba86-4faf-9434-93afead44851)
2026-04-08 15:28:50.431+0000 INFO  ======== Neo4j 2026.03.1 ========
2026-04-08 15:28:50.884+0000 INFO  X-Forward header processing enabled with security controls
2026-04-08 15:28:50.885+0000 WARN  SECURITY WARNING: X-Forward headers accepted from any source - configure allow_proxies
2026-04-08 15:28:50.885+0000 WARN  SECURITY WARNING: X-Forward headers accept any hostname - configure allow_hosts
2026-04-08 15:28:52.463+0000 INFO  Anonymous Usage Data is being sent to Neo4j, see https://neo4j.com/docs/usage-data/
2026-04-08 15:28:52.667+0000 INFO  Bolt enabled on 0.0.0.0:7687.
2026-04-08 15:28:53.467+0000 INFO  This server has built-in support for online monitoring through Fleet Manager. Visit https://console.neo4j.io to get started!
2026-04-08 15:28:54.622+0000 INFO  HTTP enabled on 0.0.0.0:7474.
2026-04-08 15:28:54.624+0000 INFO  Remote interface available at http://localhost:7474/
2026-04-08 15:28:54.627+0000 INFO  id: EE09F896428A0121853143EFFB53B81C2531F31DDE06359B1D0FD75893414B16
2026-04-08 15:28:54.627+0000 INFO  name: system
2026-04-08 15:28:54.628+0000 INFO  creationDate: 2026-04-08T12:05:42.149Z
2026-04-08 15:28:54.628+0000 INFO  Started.
2026-04-08 15:29:54.908+0000 WARN  Java vector incubator module is not readable. For optimal vector performance, pass '--add-modules jdk.incubator.vector' to enable Vector API.
2026-04-08 21:17:00.580+0000 INFO  Neo4j Server shutdown initiated by request
2026-04-08 21:17:00.595+0000 INFO  Stopping...
2026-04-08 21:17:14.751+0000 INFO  Logging config in use: File '/var/lib/neo4j/conf/user-logs.xml'
2026-04-08 21:17:14.763+0000 INFO  Starting...
2026-04-08 21:17:15.427+0000 INFO  This instance is ServerId{4c92d3bb} (4c92d3bb-ba49-4409-8d6d-6d28faff0e01)
2026-04-08 21:17:16.398+0000 INFO  ======== Neo4j 2026.03.1 ========
2026-04-08 21:17:16.809+0000 INFO  X-Forward header processing enabled with security controls
2026-04-08 21:17:16.810+0000 WARN  SECURITY WARNING: X-Forward headers accepted from any source - configure allow_proxies
2026-04-08 21:17:16.810+0000 WARN  SECURITY WARNING: X-Forward headers accept any hostname - configure allow_hosts
2026-04-08 21:17:18.885+0000 INFO  Anonymous Usage Data is being sent to Neo4j, see https://neo4j.com/docs/usage-data/
2026-04-08 21:17:19.604+0000 INFO  Bolt enabled on 0.0.0.0:7687.
2026-04-08 21:17:19.890+0000 INFO  This server has built-in support for online monitoring through Fleet Manager. Visit https://console.neo4j.io to get started!
2026-04-08 21:17:23.731+0000 INFO  HTTP enabled on 0.0.0.0:7474.
2026-04-08 21:17:23.734+0000 INFO  Remote interface available at http://localhost:7474/
2026-04-08 21:17:23.739+0000 INFO  id: 17715C438FE5A69CEADEE56CCD6B6446B6BC0AE370A3F3C5267B8DB765F14A5A
2026-04-08 21:17:23.739+0000 INFO  name: system
2026-04-08 21:17:23.740+0000 INFO  creationDate: 2026-04-08T21:17:17.214Z
2026-04-08 21:17:23.740+0000 INFO  Started.
2026-04-08 21:17:37.656+0000 WARN  Java vector incubator module is not readable. For optimal vector performance, pass '--add-modules jdk.incubator.vector' to enable Vector API.
2026-04-09 05:23:38.940+0000 INFO  Neo4j Server shutdown initiated by request
2026-04-09 05:23:38.972+0000 INFO  Stopping...
2026-04-09 06:36:20.004+0000 INFO  Logging config in use: File '/var/lib/neo4j/conf/user-logs.xml'
2026-04-09 06:36:20.019+0000 INFO  Starting...
2026-04-09 06:36:20.665+0000 INFO  This instance is ServerId{4c92d3bb} (4c92d3bb-ba49-4409-8d6d-6d28faff0e01)
2026-04-09 06:36:21.833+0000 INFO  ======== Neo4j 2026.03.1 ========
2026-04-09 06:36:22.241+0000 INFO  X-Forward header processing enabled with security controls
2026-04-09 06:36:22.241+0000 WARN  SECURITY WARNING: X-Forward headers accepted from any source - configure allow_proxies
2026-04-09 06:36:22.241+0000 WARN  SECURITY WARNING: X-Forward headers accept any hostname - configure allow_hosts
2026-04-09 06:36:23.885+0000 INFO  Anonymous Usage Data is being sent to Neo4j, see https://neo4j.com/docs/usage-data/
2026-04-09 06:36:24.169+0000 WARN  Java vector incubator module is not readable. For optimal vector performance, pass '--add-modules jdk.incubator.vector' to enable Vector API.
2026-04-09 06:36:24.896+0000 INFO  This server has built-in support for online monitoring through Fleet Manager. Visit https://console.neo4j.io to get started!
2026-04-09 06:36:25.384+0000 INFO  Bolt enabled on 0.0.0.0:7687.
2026-04-09 06:36:28.937+0000 INFO  HTTP enabled on 0.0.0.0:7474.
2026-04-09 06:36:28.938+0000 INFO  Remote interface available at http://localhost:7474/
2026-04-09 06:36:28.941+0000 INFO  id: 17715C438FE5A69CEADEE56CCD6B6446B6BC0AE370A3F3C5267B8DB765F14A5A
2026-04-09 06:36:28.941+0000 INFO  name: system
2026-04-09 06:36:28.941+0000 INFO  creationDate: 2026-04-08T21:17:17.214Z
2026-04-09 06:36:28.942+0000 INFO  Started.
